2025-06-08 17:02:22,402 [WARNING] system: 监控指标模块导入失败: No module named 'prometheus_client'
2025-06-08 17:02:22,405 [INFO] system: 当前Python路径: ['/Users/bg/work/codes/springboot/ljwx/docker/ljwx-bigscreen/bigscreen', '/Users/bg/work/codes/springboot/ljwx/docker/ljwx-bigscreen', '/Users/bg/.pyenv/versions/3.10.10/lib/python310.zip']
2025-06-08 17:02:22,411 [INFO] system: 告警webhook模块初始化成功
2025-06-08 17:02:22,417 [ERROR] root: Redis ping 失败: AUTH <password> called without any password configured for the default user. Are you sure your configuration is correct?
2025-09-10 07:35:47,859 [WARNING] system: ⚠️  健康系统API模块加载失败: No module named 'sklearn'
2025-09-10 07:35:47,861 [WARNING] system: ⚠️  健康分析API V2.0模块加载失败: No module named 'sklearn'
2025-09-10 07:35:47,862 [INFO] system: 实时统计API直接路由注册成功
2025-09-10 07:35:47,862 [WARNING] system: 设备绑定模块导入失败，使用兼容版本: No module named 'qrcode'
2025-09-10 07:35:47,864 [INFO] system: 设备绑定兼容模块注册成功
2025-09-10 07:35:47,877 [INFO] system: 监控指标模块初始化成功
2025-09-10 07:35:47,878 [INFO] system: 告警webhook模块初始化成功
2025-09-10 07:35:47,956 [WARNING] alert_rules_cache_manager: 告警规则缓存miss，需要从数据库获取: customer_id=1
2025-09-10 07:35:47,960 [WARNING] alert_rules_cache_manager: 告警规则缓存miss，需要从数据库获取: customer_id=1
2025-09-10 07:35:47,991 [WARNING] alert_rules_cache_manager: 告警规则缓存miss，需要从数据库获取: customer_id=1
2025-09-10 07:35:47,991 [WARNING] alert_rules_cache_manager: 告警规则缓存miss，需要从数据库获取: customer_id=1
2025-09-10 07:35:47,992 [WARNING] alert_rules_cache_manager: 告警规则缓存miss，需要从数据库获取: customer_id=1
2025-09-10 07:37:19,533 [WARNING] system: ⚠️  健康系统API模块加载失败: No module named 'sklearn'
2025-09-10 07:37:19,534 [WARNING] system: ⚠️  健康分析API V2.0模块加载失败: No module named 'sklearn'
2025-09-10 07:37:19,534 [INFO] system: 实时统计API直接路由注册成功
2025-09-10 07:37:19,535 [WARNING] system: 设备绑定模块导入失败，使用兼容版本: No module named 'qrcode'
2025-09-10 07:37:19,536 [INFO] system: 设备绑定兼容模块注册成功
2025-09-10 07:37:19,545 [INFO] system: 监控指标模块初始化成功
2025-09-10 07:37:19,546 [INFO] system: 告警webhook模块初始化成功
2025-09-10 07:37:19,626 [WARNING] alert_rules_cache_manager: 告警规则缓存miss，需要从数据库获取: customer_id=1
2025-09-10 07:37:19,657 [WARNING] alert_rules_cache_manager: 告警规则缓存miss，需要从数据库获取: customer_id=1
2025-09-10 07:37:19,692 [WARNING] alert_rules_cache_manager: 告警规则缓存miss，需要从数据库获取: customer_id=1
2025-09-10 07:37:19,718 [WARNING] alert_rules_cache_manager: 告警规则缓存miss，需要从数据库获取: customer_id=1
2025-09-10 07:37:19,738 [WARNING] alert_rules_cache_manager: 告警规则缓存miss，需要从数据库获取: customer_id=1
2025-09-10 07:54:06,652 [WARNING] system: ⚠️  健康系统API模块加载失败: No module named 'sklearn'
2025-09-10 07:54:06,653 [WARNING] system: ⚠️  健康分析API V2.0模块加载失败: No module named 'sklearn'
2025-09-10 07:54:06,653 [INFO] system: 实时统计API直接路由注册成功
2025-09-10 07:54:06,654 [WARNING] system: 设备绑定模块导入失败，使用兼容版本: No module named 'qrcode'
2025-09-10 07:54:06,655 [INFO] system: 设备绑定兼容模块注册成功
2025-09-10 07:54:06,668 [INFO] system: 监控指标模块初始化成功
2025-09-10 07:54:06,669 [INFO] system: 告警webhook模块初始化成功
2025-09-10 07:54:06,744 [WARNING] alert_rules_cache_manager: 告警规则缓存miss，需要从数据库获取: customer_id=1
2025-09-10 07:54:06,776 [WARNING] alert_rules_cache_manager: 告警规则缓存miss，需要从数据库获取: customer_id=1
2025-09-10 07:54:06,813 [WARNING] alert_rules_cache_manager: 告警规则缓存miss，需要从数据库获取: customer_id=1
2025-09-10 07:54:06,835 [WARNING] alert_rules_cache_manager: 告警规则缓存miss，需要从数据库获取: customer_id=1
2025-09-10 07:54:06,853 [WARNING] alert_rules_cache_manager: 告警规则缓存miss，需要从数据库获取: customer_id=1
